

*******************************************************************************
Thu Nov  4 17:43:13 2021


FIT:    data read from "BPSK.dat" using 1:2
        format = x:z
        #datapoints = 165
        residuals are weighted equally (unit weight)

function used for fitting: f(x)
	f(x) = erf(a*x)
fitted parameters initialized with current variable values

iter      chisq       delta/lim  lambda   a            
   0 1.5688438666e+02   0.00e+00  1.20e-01    1.000000e+00
  30 1.4257555621e-01  -1.08e-01  1.20e-21    2.506756e-04

After 30 iterations the fit converged.
final sum of squares of residuals : 0.142576
rel. change during last iteration : -1.07948e-06

degrees of freedom    (FIT_NDF)                        : 164
rms of residuals      (FIT_STDFIT) = sqrt(WSSR/ndf)    : 0.029485
variance of residuals (reduced chisquare) = WSSR/ndf   : 0.000869363

Final set of parameters            Asymptotic Standard Error
=======================            ==========================
a               = 0.000250676      +/- 0.0002875    (114.7%)


*******************************************************************************
Thu Nov  4 17:46:52 2021


FIT:    data read from "BPSK.dat" using 1:2
        format = x:z
        #datapoints = 165
        residuals are weighted equally (unit weight)

function used for fitting: f(x)
	f(x) = erf(a*x)
fitted parameters initialized with current variable values

iter      chisq       delta/lim  lambda   a            
   0 1.5688438666e+02   0.00e+00  1.20e-01    1.000000e+00
  30 1.4257555621e-01  -1.08e-01  1.20e-21    2.506756e-04

After 30 iterations the fit converged.
final sum of squares of residuals : 0.142576
rel. change during last iteration : -1.07948e-06

degrees of freedom    (FIT_NDF)                        : 164
rms of residuals      (FIT_STDFIT) = sqrt(WSSR/ndf)    : 0.029485
variance of residuals (reduced chisquare) = WSSR/ndf   : 0.000869363

Final set of parameters            Asymptotic Standard Error
=======================            ==========================
a               = 0.000250676      +/- 0.0002875    (114.7%)


*******************************************************************************
Thu Nov  4 17:52:05 2021


FIT:    data read from "BPSK.dat" using 1:2
        format = x:z
        #datapoints = 165
        residuals are weighted equally (unit weight)

function used for fitting: f(x)
	f(x) = erf(a)
fitted parameters initialized with current variable values

iter      chisq       delta/lim  lambda   a            
   0 1.4222565115e-01   0.00e+00  2.83e-04    2.506756e-04
   2 1.2338357082e-01  -5.60e-01  2.83e-06    9.721358e-03

After 2 iterations the fit converged.
final sum of squares of residuals : 0.123384
rel. change during last iteration : -5.60034e-06

degrees of freedom    (FIT_NDF)                        : 164
rms of residuals      (FIT_STDFIT) = sqrt(WSSR/ndf)    : 0.0274288
variance of residuals (reduced chisquare) = WSSR/ndf   : 0.000752339

Final set of parameters            Asymptotic Standard Error
=======================            ==========================
a               = 0.00972136       +/- 0.001893     (19.47%)


*******************************************************************************
Thu Nov  4 17:52:54 2021


FIT:    data read from "BPSK.dat" using 1:2
        format = x:z
        #datapoints = 165
        residuals are weighted equally (unit weight)

function used for fitting: f(x)
	f(x) = b*erf(a)
fitted parameters initialized with current variable values

iter      chisq       delta/lim  lambda   a             b            
   0 1.2338357082e-01   0.00e+00  1.10e-02    9.721358e-03   1.000000e+00
   1 1.2338357082e-01  -2.10e-09  1.10e-03    9.721360e-03   1.000000e+00

After 1 iterations the fit converged.
final sum of squares of residuals : 0.123384
rel. change during last iteration : -2.10332e-14

degrees of freedom    (FIT_NDF)                        : 163
rms of residuals      (FIT_STDFIT) = sqrt(WSSR/ndf)    : 0.0275128
variance of residuals (reduced chisquare) = WSSR/ndf   : 0.000756954

Final set of parameters            Asymptotic Standard Error
=======================            ==========================
a               = 0.00972136       +/- 1.852e+12    (1.905e+16%)
b               = 1                +/- 1.905e+14    (1.905e+16%)

correlation matrix of the fit parameters:
                a      b      
a               1.000 
b              -1.000  1.000 


*******************************************************************************
Thu Nov  4 17:53:38 2021


FIT:    data read from "BPSK.dat" using 1:2
        format = x:z
        #datapoints = 165
        residuals are weighted equally (unit weight)

function used for fitting: f(x)
	f(x) = b*erf(a*x)
fitted parameters initialized with current variable values

iter      chisq       delta/lim  lambda   a             b            
   0 1.0803694538e+00   0.00e+00  7.72e-02    9.721360e-03   1.000000e+00
   5 1.4257452269e-01  -7.32e-02  7.72e-04    5.386476e-03   4.645425e-02

After 5 iterations the fit converged.
final sum of squares of residuals : 0.142575
rel. change during last iteration : -7.32268e-07

degrees of freedom    (FIT_NDF)                        : 163
rms of residuals      (FIT_STDFIT) = sqrt(WSSR/ndf)    : 0.0295752
variance of residuals (reduced chisquare) = WSSR/ndf   : 0.00087469

Final set of parameters            Asymptotic Standard Error
=======================            ==========================
a               = 0.00538648       +/- 8.496        (1.577e+05%)
b               = 0.0464542        +/- 73.15        (1.575e+05%)

correlation matrix of the fit parameters:
                a      b      
a               1.000 
b              -1.000  1.000 
